<?xml version="1.0" encoding="UTF-8"?>
<!-- Generated by org.testng.reporters.JUnitReportReporter -->
<testsuite hostname="DESKTOP-HD07P7I" failures="0" tests="1" name="com.testframework.tests.AutomationTest" time="3.498" errors="0" timestamp="2021-05-24T20:36:49 CDT" skipped="0">
  <testcase classname="com.testframework.tests.AutomationTest" name="AddASummerDressToTheCart" time="3.498"/>
  <system-out/>
</testsuite> <!-- com.testframework.tests.AutomationTest -->
